Unable to capture context for thread 6752 in process 13652, can not generate back trace
Unable to capture context for thread 8060 in process 13652, can not generate back trace
Exception at PC 0x00007FF80606BB93
Printing stacktrace...

Exception at PC 0x00007FF8702EA839
Exception at PC 0x00007FF8702EA839
Exception at PC 0x00007FF8702EA839
Exception at PC 0x00007FF8702EA839
Exception at PC 0x00007FF8702EA839
Exception at PC 0x00007FF8702EA839
Exception at PC 0x00007FF8702EA839
Exception at PC 0x00007FF8702EA839
Exception at PC 0x00007FF8702EA839
Exception at PC 0x00007FF8702EA839
Exception at PC 0x00007FF8702EA839
Exception at PC 0x00007FF8702EA839
Exception at PC 0x00007FF8702EA839
Exception at PC 0x00007FF8702EA839
[0]  [0x00007FF80606BB93]
[1]  [0x00007FF80606BB93]
[2]  [0x00007FF80606B4A1]
[3]  [0x00007FF80606B3EF]
[4]  [0x00007FF8060519FE]
[5]  [0x00007FF806050ED1]
[6]  [0x00007FF806050D76]
[7]  [0x00007FF805FF79F6]
[8]  [0x00007FF805FE7AFB]
[9]  [0x00007FF80610E90A]
[10]  [0x00007FF806129F87]
[11]  [0x00007FF80612A05F]
[12] (BaseThreadInitThunk+0x14) [0x00007FF872B47BD4]
[13] (RtlUserThreadStart+0x21) [0x00007FF8730ACED1]
Done
Exception at PC 0x00007FF8702EA839
Exception at PC 0x00007FF8702EA839
Exception at PC 0x00007FF8702EA839
Exception at PC 0x00007FF8702EA839
