Unable to capture context for thread 8456 in process 9032, can not generate back trace
Exception at PC 0x00007FF819F5BB93
Printing stacktrace...

Exception at PC 0x00007FF8702EA839
Exception at PC 0x00007FF8702EA839
Exception at PC 0x00007FF8702EA839
Exception at PC 0x00007FF8702EA839
Exception at PC 0x00007FF8702EA839
Exception at PC 0x00007FF8702EA839
Exception at PC 0x00007FF8702EA839
Exception at PC 0x00007FF8702EA839
Exception at PC 0x00007FF8702EA839
Exception at PC 0x00007FF8702EA839
Exception at PC 0x00007FF8702EA839
Exception at PC 0x00007FF8702EA839
Exception at PC 0x00007FF8702EA839
Exception at PC 0x00007FF8702EA839
[0]  [0x00007FF819F5BB93]
[1]  [0x00007FF819F5BB93]
[2]  [0x00007FF819F5B4A1]
[3]  [0x00007FF819F5B3EF]
[4]  [0x00007FF819F419FE]
[5]  [0x00007FF819F40ED1]
[6]  [0x00007FF819F40D76]
[7]  [0x00007FF819EE79F6]
[8]  [0x00007FF819ED7AFB]
[9]  [0x00007FF819FFE90A]
[10]  [0x00007FF81A019F87]
[11]  [0x00007FF81A01A05F]
[12] (BaseThreadInitThunk+0x14) [0x00007FF872B47BD4]
[13] (RtlUserThreadStart+0x21) [0x00007FF8730ACED1]
Done
Exception at PC 0x00007FF8702EA839
Exception at PC 0x00007FF8702EA839
Exception at PC 0x00007FF8702EA839
Exception at PC 0x00007FF8702EA839
