Exception at PC 0x00007FFE934AA859
Exception at PC 0x00007FFE934AA859
Exception at PC 0x00007FFE934AA859
Unable to capture context for thread 10508 in process 10892, can not generate back trace
Unable to capture context for thread 3964 in process 10892, can not generate back trace
Exception at PC 0x00007FFE934AA859
Unable to capture context for thread 10508 in process 10892, can not generate back trace
Unable to capture context for thread 3964 in process 10892, can not generate back trace
Exception at PC 0x00007FFE2C85BB93
Printing stacktrace...

Exception at PC 0x00007FFE934AA859
Exception at PC 0x00007FFE934AA859
Exception at PC 0x00007FFE934AA859
Exception at PC 0x00007FFE934AA859
Exception at PC 0x00007FFE934AA859
Exception at PC 0x00007FFE934AA859
Exception at PC 0x00007FFE934AA859
Exception at PC 0x00007FFE934AA859
Exception at PC 0x00007FFE934AA859
Exception at PC 0x00007FFE934AA859
Exception at PC 0x00007FFE934AA859
Exception at PC 0x00007FFE934AA859
Exception at PC 0x00007FFE934AA859
Exception at PC 0x00007FFE934AA859
[0]  [0x00007FFE2C85BB93]
[1]  [0x00007FFE2C85BB93]
[2]  [0x00007FFE2C85B4A1]
[3]  [0x00007FFE2C85B3EF]
[4]  [0x00007FFE2C8419FE]
[5]  [0x00007FFE2C840ED1]
[6]  [0x00007FFE2C840D76]
[7]  [0x00007FFE2C7E79F6]
[8]  [0x00007FFE2C7D7AFB]
[9]  [0x00007FFE2C8FE90A]
[10]  [0x00007FFE2C919F87]
[11]  [0x00007FFE2C91A05F]
[12] (BaseThreadInitThunk+0x14) [0x00007FFE94607BD4]
[13] (RtlUserThreadStart+0x21) [0x00007FFE9632CED1]
Done
