
*** Running vivado
    with args -log design_1_xlconstant_0_0.vds -m64 -product Vivado -mode batch -messageDb vivado.pb -notrace -source design_1_xlconstant_0_0.tcl


****** Vivado v2016.4 (64-bit)
  **** SW Build 1756540 on Mon Jan 23 19:11:23 MST 2017
  **** IP Build 1755317 on Mon Jan 23 20:30:07 MST 2017
    ** Copyright 1986-2016 Xilinx, Inc. All Rights Reserved.

source design_1_xlconstant_0_0.tcl -notrace
Starting RTL Elaboration : Time (s): cpu = 00:00:05 ; elapsed = 00:00:09 . Memory (MB): peak = 314.469 ; gain = 104.117
INFO: [Synth 8-638] synthesizing module 'design_1_xlconstant_0_0' [c:/Users/linh9/Desktop/src_dk_lockalman/dc11m/project_1/project_1.srcs/sources_1/bd/design_1/ip/design_1_xlconstant_0_0/sim/design_1_xlconstant_0_0.vhd:35]
INFO: [Synth 8-638] synthesizing module 'xlconstant' [c:/Users/linh9/Desktop/src_dk_lockalman/dc11m/project_1/project_1.srcs/sources_1/bd/design_1/ipshared/e147/xlconstant.vhd:36]
INFO: [Synth 8-256] done synthesizing module 'xlconstant' (1#1) [c:/Users/linh9/Desktop/src_dk_lockalman/dc11m/project_1/project_1.srcs/sources_1/bd/design_1/ipshared/e147/xlconstant.vhd:36]
INFO: [Synth 8-256] done synthesizing module 'design_1_xlconstant_0_0' (2#1) [c:/Users/linh9/Desktop/src_dk_lockalman/dc11m/project_1/project_1.srcs/sources_1/bd/design_1/ip/design_1_xlconstant_0_0/sim/design_1_xlconstant_0_0.vhd:35]
Finished RTL Elaboration : Time (s): cpu = 00:00:06 ; elapsed = 00:00:10 . Memory (MB): peak = 352.855 ; gain = 142.504
Finished RTL Optimization Phase 1 : Time (s): cpu = 00:00:06 ; elapsed = 00:00:10 . Memory (MB): peak = 352.855 ; gain = 142.504
INFO: [Device 21-403] Loading part xc7z020clg400-1
Constraint Validation Runtime : Time (s): cpu = 00:00:00 ; elapsed = 00:00:00.012 . Memory (MB): peak = 569.320 ; gain = 0.000
Finished Constraint Validation : Time (s): cpu = 00:00:14 ; elapsed = 00:00:23 . Memory (MB): peak = 569.320 ; gain = 358.969
Finished Loading Part and Timing Information : Time (s): cpu = 00:00:14 ; elapsed = 00:00:23 . Memory (MB): peak = 569.320 ; gain = 358.969
Finished applying 'set_property' XDC Constraints : Time (s): cpu = 00:00:14 ; elapsed = 00:00:23 . Memory (MB): peak = 569.320 ; gain = 358.969
Finished RTL Optimization Phase 2 : Time (s): cpu = 00:00:14 ; elapsed = 00:00:23 . Memory (MB): peak = 569.320 ; gain = 358.969
Finished Cross Boundary and Area Optimization : Time (s): cpu = 00:00:15 ; elapsed = 00:00:23 . Memory (MB): peak = 569.320 ; gain = 358.969
Finished Applying XDC Timing Constraints : Time (s): cpu = 00:00:24 ; elapsed = 00:00:35 . Memory (MB): peak = 609.613 ; gain = 399.262
Finished Timing Optimization : Time (s): cpu = 00:00:24 ; elapsed = 00:00:35 . Memory (MB): peak = 609.613 ; gain = 399.262
Finished Technology Mapping : Time (s): cpu = 00:00:24 ; elapsed = 00:00:35 . Memory (MB): peak = 619.320 ; gain = 408.969
Finished IO Insertion : Time (s): cpu = 00:00:25 ; elapsed = 00:00:35 . Memory (MB): peak = 619.320 ; gain = 408.969
Finished Renaming Generated Instances : Time (s): cpu = 00:00:25 ; elapsed = 00:00:35 . Memory (MB): peak = 619.320 ; gain = 408.969
Finished Rebuilding User Hierarchy : Time (s): cpu = 00:00:25 ; elapsed = 00:00:35 . Memory (MB): peak = 619.320 ; gain = 408.969
Finished Renaming Generated Ports : Time (s): cpu = 00:00:25 ; elapsed = 00:00:35 . Memory (MB): peak = 619.320 ; gain = 408.969
Finished Handling Custom Attributes : Time (s): cpu = 00:00:25 ; elapsed = 00:00:35 . Memory (MB): peak = 619.320 ; gain = 408.969
Finished Renaming Generated Nets : Time (s): cpu = 00:00:25 ; elapsed = 00:00:35 . Memory (MB): peak = 619.320 ; gain = 408.969

Report Cell Usage: 
+-+-----+------+
| |Cell |Count |
+-+-----+------+
+-+-----+------+
Finished Writing Synthesis Report : Time (s): cpu = 00:00:25 ; elapsed = 00:00:35 . Memory (MB): peak = 619.320 ; gain = 408.969
synth_design: Time (s): cpu = 00:00:24 ; elapsed = 00:00:31 . Memory (MB): peak = 642.652 ; gain = 406.426
