INFO: [VRFC 10-163] Analyzing VHDL file "C:/Users/linh9/Desktop/src/New folder/mpc_vecto_kg.vhd" into library xil_defaultlib
INFO: [VRFC 10-307] analyzing entity mpc_vecto_kg
INFO: [VRFC 10-163] Analyzing VHDL file "C:/Users/linh9/Desktop/src/New folder/mpc_iabk1.vhd" into library xil_defaultlib
INFO: [VRFC 10-307] analyzing entity mpc_iabk1
INFO: [VRFC 10-163] Analyzing VHDL file "C:/Users/linh9/Desktop/src/New folder/mpc_Ciab.vhd" into library xil_defaultlib
INFO: [VRFC 10-307] analyzing entity mpc_Ciab
INFO: [VRFC 10-163] Analyzing VHDL file "C:/Users/linh9/Desktop/src/New folder/vector_lien_ke.vhd" into library xil_defaultlib
INFO: [VRFC 10-307] analyzing entity vector_lien_ke
INFO: [VRFC 10-163] Analyzing VHDL file "C:/Users/linh9/Desktop/src/New folder/sincoslut.vhd" into library xil_defaultlib
INFO: [VRFC 10-307] analyzing entity sincoslut
INFO: [VRFC 10-163] Analyzing VHDL file "C:/Users/linh9/Desktop/src/New folder/OpCostFunction.vhd" into library xil_defaultlib
INFO: [VRFC 10-307] analyzing entity OpCostFunction
INFO: [VRFC 10-163] Analyzing VHDL file "C:/Users/linh9/Desktop/src/New folder/mpc_select_Vk1.vhd" into library xil_defaultlib
INFO: [VRFC 10-307] analyzing entity mpc_select_Vk1
INFO: [VRFC 10-163] Analyzing VHDL file "C:/Users/linh9/Desktop/src/New folder/mpc_sample.vhd" into library xil_defaultlib
INFO: [VRFC 10-307] analyzing entity mpc_sample
INFO: [VRFC 10-163] Analyzing VHDL file "C:/Users/linh9/Desktop/src/New folder/mpc_predic_ik1.vhd" into library xil_defaultlib
INFO: [VRFC 10-307] analyzing entity mpc_predic_ik1
INFO: [VRFC 10-163] Analyzing VHDL file "C:/Users/linh9/Desktop/src/New folder/Mpc_PredicIk2.vhd" into library xil_defaultlib
INFO: [VRFC 10-307] analyzing entity Mpc_PredicIk2
INFO: [VRFC 10-163] Analyzing VHDL file "C:/Users/linh9/Desktop/src/New folder/MHTT.vhd" into library xil_defaultlib
INFO: [VRFC 10-307] analyzing entity MHTT
INFO: [VRFC 10-163] Analyzing VHDL file "C:/Users/linh9/Desktop/src/New folder/fm_sample.vhd" into library xil_defaultlib
INFO: [VRFC 10-307] analyzing entity fm_sample
INFO: [VRFC 10-163] Analyzing VHDL file "C:/Users/linh9/Desktop/src/New folder/d2ab.vhd" into library xil_defaultlib
INFO: [VRFC 10-307] analyzing entity d2ab
INFO: [VRFC 10-163] Analyzing VHDL file "C:/Users/linh9/Desktop/src/New folder/ab2dq.vhd" into library xil_defaultlib
INFO: [VRFC 10-307] analyzing entity ab2dq
INFO: [VRFC 10-163] Analyzing VHDL file "C:/Users/linh9/Desktop/src/New folder/sampleIref.vhd" into library xil_defaultlib
INFO: [VRFC 10-307] analyzing entity sampleIref
INFO: [VRFC 10-163] Analyzing VHDL file "C:/Users/linh9/Desktop/src/New folder/PI.vhd" into library xil_defaultlib
INFO: [VRFC 10-307] analyzing entity PI
INFO: [VRFC 10-163] Analyzing VHDL file "C:/Users/linh9/Desktop/src/New folder/mpc.vhd" into library xil_defaultlib
INFO: [VRFC 10-307] analyzing entity MPC
INFO: [VRFC 10-163] Analyzing VHDL file "C:/Users/linh9/Desktop/src/New folder/FluxModule.vhd" into library xil_defaultlib
INFO: [VRFC 10-307] analyzing entity FluxModule
INFO: [VRFC 10-163] Analyzing VHDL file "C:/Users/linh9/Desktop/src/New folder/dq2ab.vhd" into library xil_defaultlib
INFO: [VRFC 10-307] analyzing entity dq2ab
INFO: [VRFC 10-163] Analyzing VHDL file "C:/Users/linh9/Desktop/src/New folder/Controller.vhd" into library xil_defaultlib
INFO: [VRFC 10-307] analyzing entity Controler
INFO: [VRFC 10-163] Analyzing VHDL file "C:/Users/linh9/Desktop/src/encoder/encoder_v0.59.vhd" into library xil_defaultlib
INFO: [VRFC 10-307] analyzing entity encoder
INFO: [VRFC 10-163] Analyzing VHDL file "C:/Users/linh9/Desktop/src/New folder/srcCLk.vhd" into library xil_defaultlib
INFO: [VRFC 10-307] analyzing entity srcClk
INFO: [VRFC 10-163] Analyzing VHDL file "C:/Users/linh9/Desktop/src/proje2/proje2.srcs/sources_1/new/ubufer.vhd" into library xil_defaultlib
INFO: [VRFC 10-307] analyzing entity ubufer
INFO: [VRFC 10-163] Analyzing VHDL file "C:/Users/linh9/Desktop/src/proje2/proje2.srcs/sources_1/new/usample.vhd" into library xil_defaultlib
INFO: [VRFC 10-307] analyzing entity usample
INFO: [VRFC 10-163] Analyzing VHDL file "C:/Users/linh9/Desktop/src/proje2/proje2.ip_user_files/bd/design_1/ip/design_1_Controler_0_0/design_1_Controler_0_0_sim_netlist.vhdl" into library xil_defaultlib
INFO: [VRFC 10-307] analyzing entity design_1_Controler_0_0_MHTT
INFO: [VRFC 10-307] analyzing entity design_1_Controler_0_0_OpCostFunction
INFO: [VRFC 10-307] analyzing entity design_1_Controler_0_0_PI
INFO: [VRFC 10-307] analyzing entity \design_1_Controler_0_0_PI__parameterized1\
INFO: [VRFC 10-307] analyzing entity design_1_Controler_0_0_ab2dq
INFO: [VRFC 10-307] analyzing entity design_1_Controler_0_0_d2ab
INFO: [VRFC 10-307] analyzing entity design_1_Controler_0_0_dq2ab
INFO: [VRFC 10-307] analyzing entity design_1_Controler_0_0_fm_sample
INFO: [VRFC 10-307] analyzing entity design_1_Controler_0_0_mpc_Ciab
INFO: [VRFC 10-307] analyzing entity design_1_Controler_0_0_mpc_Ciab_12
INFO: [VRFC 10-307] analyzing entity design_1_Controler_0_0_mpc_iabk1
INFO: [VRFC 10-307] analyzing entity design_1_Controler_0_0_mpc_iabk1_10
INFO: [VRFC 10-307] analyzing entity design_1_Controler_0_0_mpc_iabk1_11
INFO: [VRFC 10-307] analyzing entity design_1_Controler_0_0_mpc_iabk1_13
INFO: [VRFC 10-307] analyzing entity design_1_Controler_0_0_mpc_iabk1_6
INFO: [VRFC 10-307] analyzing entity design_1_Controler_0_0_mpc_iabk1_7
INFO: [VRFC 10-307] analyzing entity design_1_Controler_0_0_mpc_iabk1_8
INFO: [VRFC 10-307] analyzing entity design_1_Controler_0_0_mpc_iabk1_9
INFO: [VRFC 10-307] analyzing entity design_1_Controler_0_0_mpc_sample
INFO: [VRFC 10-307] analyzing entity design_1_Controler_0_0_mpc_vecto_kg
INFO: [VRFC 10-307] analyzing entity design_1_Controler_0_0_mpc_vecto_kg_0
INFO: [VRFC 10-307] analyzing entity design_1_Controler_0_0_mpc_vecto_kg_1
INFO: [VRFC 10-307] analyzing entity design_1_Controler_0_0_mpc_vecto_kg_14
INFO: [VRFC 10-307] analyzing entity design_1_Controler_0_0_mpc_vecto_kg_2
INFO: [VRFC 10-307] analyzing entity design_1_Controler_0_0_mpc_vecto_kg_3
INFO: [VRFC 10-307] analyzing entity design_1_Controler_0_0_mpc_vecto_kg_4
INFO: [VRFC 10-307] analyzing entity design_1_Controler_0_0_mpc_vecto_kg_5
INFO: [VRFC 10-307] analyzing entity design_1_Controler_0_0_sincoslut
INFO: [VRFC 10-307] analyzing entity design_1_Controler_0_0_vector_lien_ke
INFO: [VRFC 10-307] analyzing entity design_1_Controler_0_0_FluxModule
INFO: [VRFC 10-307] analyzing entity design_1_Controler_0_0_Mpc_PredicIk2
INFO: [VRFC 10-307] analyzing entity design_1_Controler_0_0_mpc_predic_ik1
INFO: [VRFC 10-307] analyzing entity design_1_Controler_0_0_mpc_select_Vk1
INFO: [VRFC 10-307] analyzing entity design_1_Controler_0_0_MPC
INFO: [VRFC 10-307] analyzing entity design_1_Controler_0_0_Controler
INFO: [VRFC 10-307] analyzing entity design_1_Controler_0_0
INFO: [VRFC 10-163] Analyzing VHDL file "C:/Users/linh9/Desktop/src/proje2/proje2.ip_user_files/bd/design_1/ip/design_1_encoder_0_1/design_1_encoder_0_1_sim_netlist.vhdl" into library xil_defaultlib
INFO: [VRFC 10-307] analyzing entity design_1_encoder_0_1_encoder
INFO: [VRFC 10-307] analyzing entity design_1_encoder_0_1
INFO: [VRFC 10-163] Analyzing VHDL file "C:/Users/linh9/Desktop/src/proje2/proje2.ip_user_files/bd/design_1/ip/design_1_ila_0_0/sim/design_1_ila_0_0.vhd" into library xil_defaultlib
INFO: [VRFC 10-307] analyzing entity design_1_ila_0_0
INFO: [VRFC 10-163] Analyzing VHDL file "C:/Users/linh9/Desktop/src/proje2/proje2.ip_user_files/bd/design_1/ipshared/e147/xlconstant.vhd" into library xil_defaultlib
INFO: [VRFC 10-307] analyzing entity xlconstant
INFO: [VRFC 10-163] Analyzing VHDL file "C:/Users/linh9/Desktop/src/proje2/proje2.ip_user_files/bd/design_1/ip/design_1_xlconstant_0_0/sim/design_1_xlconstant_0_0.vhd" into library xil_defaultlib
INFO: [VRFC 10-307] analyzing entity design_1_xlconstant_0_0
INFO: [VRFC 10-163] Analyzing VHDL file "C:/Users/linh9/Desktop/src/proje2/proje2.ip_user_files/bd/design_1/ip/design_1_xlconstant_1_0/sim/design_1_xlconstant_1_0.vhd" into library xil_defaultlib
INFO: [VRFC 10-307] analyzing entity design_1_xlconstant_1_0
INFO: [VRFC 10-163] Analyzing VHDL file "C:/Users/linh9/Desktop/src/proje2/proje2.ip_user_files/bd/design_1/ip/design_1_xlconstant_2_0/sim/design_1_xlconstant_2_0.vhd" into library xil_defaultlib
INFO: [VRFC 10-307] analyzing entity design_1_xlconstant_2_0
INFO: [VRFC 10-163] Analyzing VHDL file "C:/Users/linh9/Desktop/src/proje2/proje2.ip_user_files/bd/design_1/ip/design_1_xlconstant_3_0/sim/design_1_xlconstant_3_0.vhd" into library xil_defaultlib
INFO: [VRFC 10-307] analyzing entity design_1_xlconstant_3_0
INFO: [VRFC 10-163] Analyzing VHDL file "C:/Users/linh9/Desktop/src/proje2/proje2.ip_user_files/bd/design_1/ip/design_1_xlconstant_4_0/sim/design_1_xlconstant_4_0.vhd" into library xil_defaultlib
INFO: [VRFC 10-307] analyzing entity design_1_xlconstant_4_0
INFO: [VRFC 10-163] Analyzing VHDL file "C:/Users/linh9/Desktop/src/proje2/proje2.ip_user_files/bd/design_1/ip/design_1_clk_wiz_0_0/design_1_clk_wiz_0_0_sim_netlist.vhdl" into library xil_defaultlib
INFO: [VRFC 10-307] analyzing entity design_1_clk_wiz_0_0_design_1_clk_wiz_0_0_clk_wiz
INFO: [VRFC 10-307] analyzing entity design_1_clk_wiz_0_0
INFO: [VRFC 10-163] Analyzing VHDL file "C:/Users/linh9/Desktop/src/proje2/proje2.ip_user_files/bd/design_1/ip/design_1_srcClk_0_0/design_1_srcClk_0_0_sim_netlist.vhdl" into library xil_defaultlib
INFO: [VRFC 10-307] analyzing entity design_1_srcClk_0_0_srcClk
INFO: [VRFC 10-307] analyzing entity design_1_srcClk_0_0
INFO: [VRFC 10-163] Analyzing VHDL file "C:/Users/linh9/Desktop/src/proje2/proje2.ip_user_files/bd/design_1/ip/design_1_ubufer_0_0/design_1_ubufer_0_0_sim_netlist.vhdl" into library xil_defaultlib
INFO: [VRFC 10-307] analyzing entity design_1_ubufer_0_0_ubufer
INFO: [VRFC 10-307] analyzing entity design_1_ubufer_0_0
INFO: [VRFC 10-163] Analyzing VHDL file "C:/Users/linh9/Desktop/src/proje2/proje2.ip_user_files/bd/design_1/hdl/design_1.vhd" into library xil_defaultlib
INFO: [VRFC 10-307] analyzing entity design_1
INFO: [VRFC 10-163] Analyzing VHDL file "C:/Users/linh9/Desktop/src/proje2/proje2.ip_user_files/bd/design_1/ip/design_1_usample_0_0/design_1_usample_0_0_sim_netlist.vhdl" into library xil_defaultlib
INFO: [VRFC 10-307] analyzing entity design_1_usample_0_0_usample
INFO: [VRFC 10-307] analyzing entity design_1_usample_0_0
INFO: [VRFC 10-163] Analyzing VHDL file "C:/Users/linh9/Desktop/src/proje2/proje2.ip_user_files/bd/design_1/ip/design_1_usample_1_0/design_1_usample_1_0_sim_netlist.vhdl" into library xil_defaultlib
INFO: [VRFC 10-307] analyzing entity design_1_usample_1_0_usample
INFO: [VRFC 10-307] analyzing entity design_1_usample_1_0
INFO: [VRFC 10-163] Analyzing VHDL file "C:/Users/linh9/Desktop/src/proje2/proje2.ip_user_files/bd/design_1/ip/design_1_usample_2_0/design_1_usample_2_0_sim_netlist.vhdl" into library xil_defaultlib
INFO: [VRFC 10-307] analyzing entity design_1_usample_2_0_usample
INFO: [VRFC 10-307] analyzing entity design_1_usample_2_0
INFO: [VRFC 10-163] Analyzing VHDL file "C:/Users/linh9/Desktop/src/proje2/proje2.srcs/sources_1/bd/design_1/hdl/design_1_wrapper.vhd" into library xil_defaultlib
INFO: [VRFC 10-307] analyzing entity design_1_wrapper
