Exception at PC 0x00007FF8702EA839
Exception at PC 0x00007FF8702EA839
Exception at PC 0x00007FF8702EA839
Unable to capture context for thread 11764 in process 3304, can not generate back trace
Unable to capture context for thread 3636 in process 3304, can not generate back trace
Exception at PC 0x00007FF8702EA839
Unable to capture context for thread 9804 in process 3304, can not generate back trace
Exception at PC 0x00007FF81890BB93
Printing stacktrace...

Exception at PC 0x00007FF8702EA839
Exception at PC 0x00007FF8702EA839
Exception at PC 0x00007FF8702EA839
Exception at PC 0x00007FF8702EA839
Exception at PC 0x00007FF8702EA839
Exception at PC 0x00007FF8702EA839
Exception at PC 0x00007FF8702EA839
Exception at PC 0x00007FF8702EA839
Exception at PC 0x00007FF8702EA839
Exception at PC 0x00007FF8702EA839
Exception at PC 0x00007FF8702EA839
Exception at PC 0x00007FF8702EA839
Exception at PC 0x00007FF8702EA839
Exception at PC 0x00007FF8702EA839
[0]  [0x00007FF81890BB93]
[1]  [0x00007FF81890BB93]
[2]  [0x00007FF81890B4A1]
[3]  [0x00007FF81890B3EF]
[4]  [0x00007FF8188F19FE]
[5]  [0x00007FF8188F0ED1]
[6]  [0x00007FF8188F0D76]
[7]  [0x00007FF8188979F6]
[8]  [0x00007FF818887AFB]
[9]  [0x00007FF8189AE90A]
[10]  [0x00007FF8189C9F87]
[11]  [0x00007FF8189CA05F]
[12] (BaseThreadInitThunk+0x14) [0x00007FF872B47BD4]
[13] (RtlUserThreadStart+0x21) [0x00007FF8730ACED1]
Done
