
*** Running vivado
    with args -log design_1_ila_0_0.vds -m64 -product Vivado -mode batch -messageDb vivado.pb -notrace -source design_1_ila_0_0.tcl


****** Vivado v2016.4 (64-bit)
  **** SW Build 1756540 on Mon Jan 23 19:11:23 MST 2017
  **** IP Build 1755317 on Mon Jan 23 20:30:07 MST 2017
    ** Copyright 1986-2016 Xilinx, Inc. All Rights Reserved.

source design_1_ila_0_0.tcl -notrace
Starting RTL Elaboration : Time (s): cpu = 00:00:13 ; elapsed = 00:00:17 . Memory (MB): peak = 368.574 ; gain = 159.176
INFO: [Synth 8-638] synthesizing module 'design_1_ila_0_0' [c:/Users/linh9/Desktop/src/dc11m/project_1/project_1.srcs/sources_1/bd/design_1/ip/design_1_ila_0_0/synth/design_1_ila_0_0.vhd:76]
INFO: [Synth 8-638] synthesizing module 'CFGLUT5' [C:/Xilinx/Vivado/2016.4/scripts/rt/data/unisim_comp.v:998]
INFO: [Synth 8-256] done synthesizing module 'CFGLUT5' (8#1) [C:/Xilinx/Vivado/2016.4/scripts/rt/data/unisim_comp.v:998]
INFO: [Synth 8-638] synthesizing module 'CARRY4' [C:/Xilinx/Vivado/2016.4/scripts/rt/data/unisim_comp.v:961]
INFO: [Synth 8-256] done synthesizing module 'CARRY4' (9#1) [C:/Xilinx/Vivado/2016.4/scripts/rt/data/unisim_comp.v:961]
INFO: [Synth 8-638] synthesizing module 'SRLC32E' [C:/Xilinx/Vivado/2016.4/scripts/rt/data/unisim_comp.v:43478]
INFO: [Synth 8-256] done synthesizing module 'SRLC32E' (19#1) [C:/Xilinx/Vivado/2016.4/scripts/rt/data/unisim_comp.v:43478]
INFO: [Synth 8-638] synthesizing module 'SRL16E' [C:/Xilinx/Vivado/2016.4/scripts/rt/data/unisim_comp.v:43328]
INFO: [Synth 8-256] done synthesizing module 'SRL16E' (21#1) [C:/Xilinx/Vivado/2016.4/scripts/rt/data/unisim_comp.v:43328]
INFO: [Synth 8-638] synthesizing module 'SRLC16E' [C:/Xilinx/Vivado/2016.4/scripts/rt/data/unisim_comp.v:43417]
INFO: [Synth 8-256] done synthesizing module 'SRLC16E' (23#1) [C:/Xilinx/Vivado/2016.4/scripts/rt/data/unisim_comp.v:43417]
INFO: [Synth 8-638] synthesizing module 'FDRE' [C:/Xilinx/Vivado/2016.4/scripts/rt/data/unisim_comp.v:3964]
INFO: [Synth 8-256] done synthesizing module 'FDRE' (28#1) [C:/Xilinx/Vivado/2016.4/scripts/rt/data/unisim_comp.v:3964]
INFO: [Synth 8-256] done synthesizing module 'design_1_ila_0_0' (46#1) [c:/Users/linh9/Desktop/src/dc11m/project_1/project_1.srcs/sources_1/bd/design_1/ip/design_1_ila_0_0/synth/design_1_ila_0_0.vhd:76]
Finished RTL Elaboration : Time (s): cpu = 00:01:19 ; elapsed = 00:01:26 . Memory (MB): peak = 681.219 ; gain = 471.820
Finished RTL Optimization Phase 1 : Time (s): cpu = 00:01:20 ; elapsed = 00:01:27 . Memory (MB): peak = 681.219 ; gain = 471.820
INFO: [Device 21-403] Loading part xc7z020clg400-1
Constraint Validation Runtime : Time (s): cpu = 00:00:01 ; elapsed = 00:00:00.154 . Memory (MB): peak = 792.430 ; gain = 0.621
Finished Constraint Validation : Time (s): cpu = 00:01:36 ; elapsed = 00:01:45 . Memory (MB): peak = 792.430 ; gain = 583.031
Finished Loading Part and Timing Information : Time (s): cpu = 00:01:36 ; elapsed = 00:01:45 . Memory (MB): peak = 792.430 ; gain = 583.031
Finished applying 'set_property' XDC Constraints : Time (s): cpu = 00:01:38 ; elapsed = 00:01:47 . Memory (MB): peak = 792.430 ; gain = 583.031
Finished RTL Optimization Phase 2 : Time (s): cpu = 00:01:40 ; elapsed = 00:01:50 . Memory (MB): peak = 792.430 ; gain = 583.031
Finished Cross Boundary and Area Optimization : Time (s): cpu = 00:01:49 ; elapsed = 00:01:59 . Memory (MB): peak = 792.430 ; gain = 583.031
Finished Applying XDC Timing Constraints : Time (s): cpu = 00:02:06 ; elapsed = 00:02:16 . Memory (MB): peak = 792.430 ; gain = 583.031
Finished Timing Optimization : Time (s): cpu = 00:02:10 ; elapsed = 00:02:20 . Memory (MB): peak = 792.430 ; gain = 583.031
Finished Technology Mapping : Time (s): cpu = 00:02:11 ; elapsed = 00:02:21 . Memory (MB): peak = 792.430 ; gain = 583.031
Finished IO Insertion : Time (s): cpu = 00:02:12 ; elapsed = 00:02:22 . Memory (MB): peak = 792.430 ; gain = 583.031
Finished Renaming Generated Instances : Time (s): cpu = 00:02:12 ; elapsed = 00:02:22 . Memory (MB): peak = 792.430 ; gain = 583.031
Finished Rebuilding User Hierarchy : Time (s): cpu = 00:02:12 ; elapsed = 00:02:22 . Memory (MB): peak = 792.430 ; gain = 583.031
Finished Renaming Generated Ports : Time (s): cpu = 00:02:12 ; elapsed = 00:02:22 . Memory (MB): peak = 792.430 ; gain = 583.031
Finished Handling Custom Attributes : Time (s): cpu = 00:02:12 ; elapsed = 00:02:23 . Memory (MB): peak = 792.430 ; gain = 583.031
Finished Renaming Generated Nets : Time (s): cpu = 00:02:12 ; elapsed = 00:02:23 . Memory (MB): peak = 792.430 ; gain = 583.031

Report Cell Usage: 
+------+---------+------+
|      |Cell     |Count |
+------+---------+------+
|1     |CARRY4   |    25|
|2     |CFGLUT5  |    67|
|3     |LUT1     |    18|
|4     |LUT2     |    51|
|5     |LUT3     |    83|
|6     |LUT4     |   140|
|7     |LUT5     |   158|
|8     |LUT6     |   442|
|9     |MUXF7    |    38|
|10    |RAMB36E1 |     7|
|11    |SRL16E   |   243|
|12    |SRLC16E  |     2|
|13    |SRLC32E  |    17|
|14    |FDRE     |  1811|
|15    |FDSE     |     9|
+------+---------+------+
Finished Writing Synthesis Report : Time (s): cpu = 00:02:12 ; elapsed = 00:02:23 . Memory (MB): peak = 792.430 ; gain = 583.031
synth_design: Time (s): cpu = 00:02:10 ; elapsed = 00:02:17 . Memory (MB): peak = 792.430 ; gain = 517.941
