#-----------------------------------------------------------
# Vivado v2016.4 (64-bit)
# SW Build 1756540 on Mon Jan 23 19:11:23 MST 2017
# IP Build 1755317 on Mon Jan 23 20:30:07 MST 2017
# Start of session at: Sat May 30 16:35:53 2020
# Process ID: 3448
# Current directory: C:/Users/linh9/Desktop/dc11m_27_3/project_1
# Command line: vivado.exe -gui_launcher_event rodinguilauncherevent9472 C:\Users\linh9\Desktop\dc11m_27_3\project_1\project_1.xpr
# Log file: C:/Users/linh9/Desktop/dc11m_27_3/project_1/vivado.log
# Journal file: C:/Users/linh9/Desktop/dc11m_27_3/project_1\vivado.jou
#-----------------------------------------------------------
start_gui
open_project C:/Users/linh9/Desktop/dc11m_27_3/project_1/project_1.xpr
Scanning sources...
Finished scanning sources
INFO: [IP_Flow 19-234] Refreshing IP repositories
INFO: [IP_Flow 19-1704] No user IP repositories specified
INFO: [IP_Flow 19-2313] Loaded Vivado IP repository 'C:/Xilinx/Vivado/2016.4/data/ip'.
open_project: Time (s): cpu = 00:00:24 ; elapsed = 00:00:15 . Memory (MB): peak = 833.715 ; gain = 185.988
open_hw
connect_hw_server
INFO: [Labtools 27-2285] Connecting to hw_server url TCP:localhost:3121
INFO: [Labtools 27-2222] Launching hw_server...
INFO: [Labtools 27-2221] Launch Output:

****** Xilinx hw_server v2016.4
  **** Build date : Jan 23 2017-19:37:29
    ** Copyright 1986-2016 Xilinx, Inc. All Rights Reserved.


connect_hw_server: Time (s): cpu = 00:00:02 ; elapsed = 00:00:09 . Memory (MB): peak = 906.555 ; gain = 0.000
open_hw_target
INFO: [Labtoolstcl 44-466] Opening hw_target localhost:3121/xilinx_tcf/Digilent/210351A78277A
set_property PROGRAM.FILE {C:/Users/linh9/Desktop/dc11m_27_3/project_1/project_1.runs/impl_1/design_1_wrapper.bit} [lindex [get_hw_devices xc7z020_1] 0]
set_property PROBES.FILE {C:/Users/linh9/Desktop/dc11m_27_3/project_1/project_1.runs/impl_1/debug_nets.ltx} [lindex [get_hw_devices xc7z020_1] 0]
current_hw_device [lindex [get_hw_devices xc7z020_1] 0]
refresh_hw_device [lindex [get_hw_devices xc7z020_1] 0]
INFO: [Labtools 27-2302] Device xc7z020 (JTAG device index = 1) is programmed with a design that has 3 ILA core(s).
WARNING: [Labtools 27-1974] Mismatch between the design programmed into the device xc7z020_1 and the probes file(s) C:/Users/linh9/Desktop/dc11m_27_3/project_1/project_1.runs/impl_1/debug_nets.ltx.
The device design has 3 ILA core(s) and 0 VIO core(s). The probes file(s) have 2 ILA core(s) and 0 VIO core(s).
Resolution: 
1. Reprogram device with the correct programming file and associated probes file(s) OR
2. Goto device properties and associate the correct probes file(s) with the programming file already programmed in the device.
set_property PROBES.FILE {C:/Users/linh9/Desktop/dc11m_27_3/project_1/project_1.runs/impl_1/debug_nets.ltx} [lindex [get_hw_devices xc7z020_1] 0]
set_property PROGRAM.FILE {C:/Users/linh9/Desktop/dc11m_27_3/project_1/project_1.runs/impl_1/design_1_wrapper.bit} [lindex [get_hw_devices xc7z020_1] 0]
program_hw_devices [lindex [get_hw_devices xc7z020_1] 0]
INFO: [Labtools 27-3164] End of startup status: HIGH
refresh_hw_device [lindex [get_hw_devices xc7z020_1] 0]
INFO: [Labtools 27-2302] Device xc7z020 (JTAG device index = 1) is programmed with a design that has 2 ILA core(s).
display_hw_ila_data [ get_hw_ila_data hw_ila_data_1 -of_objects [get_hw_ilas -of_objects [get_hw_devices xc7z020_1] -filter {CELL_NAME=~"design_1_i/ila_0"}]]
INFO: [Labtools 27-3304] ILA Waveform data saved to file C:/Users/linh9/Desktop/dc11m_27_3/project_1/project_1.hw/backup/hw_ila_data_1.ila. Use Tcl command 'import_hw_ila_data' or Vivado File->Import->Import ILA Data menu item to import the previously saved data.
display_hw_ila_data [ get_hw_ila_data hw_ila_data_2 -of_objects [get_hw_ilas -of_objects [get_hw_devices xc7z020_1] -filter {CELL_NAME=~"design_1_i/ila_1"}]]
INFO: [Labtools 27-3304] ILA Waveform data saved to file C:/Users/linh9/Desktop/dc11m_27_3/project_1/project_1.hw/backup/hw_ila_data_2.ila. Use Tcl command 'import_hw_ila_data' or Vivado File->Import->Import ILA Data menu item to import the previously saved data.
run_hw_ila [get_hw_ilas -of_objects [get_hw_devices xc7z020_1] -filter {CELL_NAME=~"design_1_i/ila_1"}]
INFO: [Labtools 27-1964] The ILA core 'hw_ila_2' trigger was armed at 2020-May-30 16:38:14
wait_on_hw_ila [get_hw_ilas -of_objects [get_hw_devices xc7z020_1] -filter {CELL_NAME=~"design_1_i/ila_1"}]
display_hw_ila_data [upload_hw_ila_data [get_hw_ilas -of_objects [get_hw_devices xc7z020_1] -filter {CELL_NAME=~"design_1_i/ila_1"}]]
INFO: [Labtools 27-1966] The ILA core 'hw_ila_2' triggered at 2020-May-30 16:38:14
INFO: [Labtools 27-3304] ILA Waveform data saved to file C:/Users/linh9/Desktop/dc11m_27_3/project_1/project_1.hw/backup/hw_ila_data_2.ila. Use Tcl command 'import_hw_ila_data' or Vivado File->Import->Import ILA Data menu item to import the previously saved data.
run_hw_ila [get_hw_ilas -of_objects [get_hw_devices xc7z020_1] -filter {CELL_NAME=~"design_1_i/ila_1"}]
INFO: [Labtools 27-1964] The ILA core 'hw_ila_2' trigger was armed at 2020-May-30 16:39:44
wait_on_hw_ila [get_hw_ilas -of_objects [get_hw_devices xc7z020_1] -filter {CELL_NAME=~"design_1_i/ila_1"}]
display_hw_ila_data [upload_hw_ila_data [get_hw_ilas -of_objects [get_hw_devices xc7z020_1] -filter {CELL_NAME=~"design_1_i/ila_1"}]]
INFO: [Labtools 27-1966] The ILA core 'hw_ila_2' triggered at 2020-May-30 16:39:44
INFO: [Labtools 27-3304] ILA Waveform data saved to file C:/Users/linh9/Desktop/dc11m_27_3/project_1/project_1.hw/backup/hw_ila_data_2.ila. Use Tcl command 'import_hw_ila_data' or Vivado File->Import->Import ILA Data menu item to import the previously saved data.
run_hw_ila [get_hw_ilas -of_objects [get_hw_devices xc7z020_1] -filter {CELL_NAME=~"design_1_i/ila_1"}]
INFO: [Labtools 27-1964] The ILA core 'hw_ila_2' trigger was armed at 2020-May-30 16:43:55
wait_on_hw_ila [get_hw_ilas -of_objects [get_hw_devices xc7z020_1] -filter {CELL_NAME=~"design_1_i/ila_1"}]
display_hw_ila_data [upload_hw_ila_data [get_hw_ilas -of_objects [get_hw_devices xc7z020_1] -filter {CELL_NAME=~"design_1_i/ila_1"}]]
INFO: [Labtools 27-1966] The ILA core 'hw_ila_2' triggered at 2020-May-30 16:43:55
INFO: [Labtools 27-3304] ILA Waveform data saved to file C:/Users/linh9/Desktop/dc11m_27_3/project_1/project_1.hw/backup/hw_ila_data_2.ila. Use Tcl command 'import_hw_ila_data' or Vivado File->Import->Import ILA Data menu item to import the previously saved data.
run_hw_ila [get_hw_ilas -of_objects [get_hw_devices xc7z020_1] -filter {CELL_NAME=~"design_1_i/ila_1"}]
INFO: [Labtools 27-1964] The ILA core 'hw_ila_2' trigger was armed at 2020-May-30 16:52:28
wait_on_hw_ila [get_hw_ilas -of_objects [get_hw_devices xc7z020_1] -filter {CELL_NAME=~"design_1_i/ila_1"}]
display_hw_ila_data [upload_hw_ila_data [get_hw_ilas -of_objects [get_hw_devices xc7z020_1] -filter {CELL_NAME=~"design_1_i/ila_1"}]]
INFO: [Labtools 27-1966] The ILA core 'hw_ila_2' triggered at 2020-May-30 16:52:28
INFO: [Labtools 27-3304] ILA Waveform data saved to file C:/Users/linh9/Desktop/dc11m_27_3/project_1/project_1.hw/backup/hw_ila_data_2.ila. Use Tcl command 'import_hw_ila_data' or Vivado File->Import->Import ILA Data menu item to import the previously saved data.
open_bd_design {C:/Users/linh9/Desktop/dc11m_27_3/project_1/project_1.srcs/sources_1/bd/design_1/design_1.bd}
Adding cell -- xilinx.com:module_ref:encoder:1.0 - encoder_0
Adding cell -- xilinx.com:ip:clk_wiz:5.3 - clk_wiz_0
Adding cell -- xilinx.com:ip:xlconstant:1.1 - xlconstant_0
Adding cell -- xilinx.com:module_ref:datalimit:1.0 - datalimit_0
Adding cell -- xilinx.com:module_ref:srcClk:1.0 - srcClk_0
Adding cell -- xilinx.com:module_ref:usample:1.0 - usample_0
Adding cell -- xilinx.com:module_ref:usample:1.0 - usample_1
Adding cell -- xilinx.com:module_ref:usample:1.0 - usample_2
Adding cell -- xilinx.com:ip:ila:6.2 - ila_0
INFO: [xilinx.com:ip:ila:6.2-6] /ila_0: Xilinx recommends using the System ILA IP in IP Integrator. The System ILA IP is functionally equivalent to an ILA and offers additional benefits in debugging interfaces both within IP Integrator and the Hardware Manager. Consult the Programming and Debug User Guide UG908 for further details.
Adding cell -- xilinx.com:module_ref:fix_clk_i_w:1.0 - fix_clk_i_w_0
Adding cell -- xilinx.com:ip:ila:6.2 - ila_1
INFO: [xilinx.com:ip:ila:6.2-6] /ila_1: Xilinx recommends using the System ILA IP in IP Integrator. The System ILA IP is functionally equivalent to an ILA and offers additional benefits in debugging interfaces both within IP Integrator and the Hardware Manager. Consult the Programming and Debug User Guide UG908 for further details.
Adding cell -- xilinx.com:module_ref:datalimit:1.0 - datalimit_1
Adding cell -- xilinx.com:module_ref:SwitchCOntroller:1.0 - SwitchCOntroller_0
Adding cell -- xilinx.com:module_ref:protect_van:1.0 - protect_van_0
Adding cell -- xilinx.com:module_ref:usample:1.0 - usample_3
Adding cell -- xilinx.com:module_ref:usample:1.0 - usample_4
Adding cell -- xilinx.com:module_ref:usample:1.0 - usample_5
Adding cell -- xilinx.com:module_ref:usample:1.0 - usample_6
Adding cell -- xilinx.com:module_ref:usample:1.0 - usample_7
Adding cell -- xilinx.com:module_ref:ADC:1.0 - ADC_0
Adding cell -- xilinx.com:module_ref:Controler:1.0 - Controler_0
Adding cell -- xilinx.com:module_ref:ab2alphabeta:1.0 - ab2alphabeta_0
Adding cell -- xilinx.com:module_ref:input_ctrl:1.0 - input_ctrl_0
WARNING: [BD 41-1731] Type mismatch between connected pins: /clk_wiz_0/clk_out1(clk) and /encoder_0/clk_100M(undef)
WARNING: [BD 41-1731] Type mismatch between connected pins: /input_ctrl_0/rst(rst) and /ila_0/probe0(undef)
WARNING: [BD 41-1731] Type mismatch between connected pins: /input_ctrl_0/rst(rst) and /protect_van_0/err(undef)
WARNING: [BD 41-1731] Type mismatch between connected pins: /input_ctrl_0/rst(rst) and /ADC_0/i_rs(undef)
WARNING: [BD 41-1731] Type mismatch between connected pins: /input_ctrl_0/rst_w(undef) and /datalimit_0/rst(rst)
WARNING: [BD 41-1731] Type mismatch between connected pins: /fix_clk_i_w_0/sample_i(undef) and /protect_van_0/clk(clk)
WARNING: [BD 41-1731] Type mismatch between connected pins: /fix_clk_i_w_0/sample_i(undef) and /usample_2/clk(clk)
WARNING: [BD 41-1731] Type mismatch between connected pins: /fix_clk_i_w_0/sample_i(undef) and /datalimit_1/clk(clk)
WARNING: [BD 41-1731] Type mismatch between connected pins: /fix_clk_i_w_0/sample_i(undef) and /usample_3/clk(clk)
WARNING: [BD 41-1731] Type mismatch between connected pins: /fix_clk_i_w_0/sample_i(undef) and /usample_4/clk(clk)
WARNING: [BD 41-1731] Type mismatch between connected pins: /fix_clk_i_w_0/sample_i(undef) and /usample_5/clk(clk)
WARNING: [BD 41-1731] Type mismatch between connected pins: /fix_clk_i_w_0/sample_i(undef) and /usample_6/clk(clk)
WARNING: [BD 41-1731] Type mismatch between connected pins: /fix_clk_i_w_0/sample_i(undef) and /usample_7/clk(clk)
WARNING: [BD 41-1731] Type mismatch between connected pins: /fix_clk_i_w_0/sample_w(undef) and /datalimit_0/clk(clk)
WARNING: [BD 41-1731] Type mismatch between connected pins: /fix_clk_i_w_0/sample_w(undef) and /usample_1/clk(clk)
WARNING: [BD 41-1731] Type mismatch between connected pins: /fix_clk_i_w_0/sample_w(undef) and /usample_0/clk(clk)
Successfully read diagram <design_1> from BD file <C:/Users/linh9/Desktop/dc11m_27_3/project_1/project_1.srcs/sources_1/bd/design_1/design_1.bd>
open_bd_design: Time (s): cpu = 00:00:09 ; elapsed = 00:00:08 . Memory (MB): peak = 1088.883 ; gain = 45.379
startgroup
set_property -dict [list CONFIG.CONST_VAL {4900}] [get_bd_cells xlconstant_0]
endgroup
save_bd_design
Wrote  : <C:/Users/linh9/Desktop/dc11m_27_3/project_1/project_1.srcs/sources_1/bd/design_1/design_1.bd> 
Wrote  : <C:/Users/linh9/Desktop/dc11m_27_3/project_1/project_1.srcs/sources_1/bd/design_1/ui/bd_1f5defd0.ui> 
reset_run synth_1
WARNING: [Vivado 12-1017] Problems encountered:
1. Failed to delete one or more files in run directory C:/Users/linh9/Desktop/dc11m_27_3/project_1/project_1.runs/synth_1

launch_runs synth_1 -jobs 2
VHDL Output written to : C:/Users/linh9/Desktop/dc11m_27_3/project_1/project_1.srcs/sources_1/bd/design_1/hdl/design_1.vhd
VHDL Output written to : C:/Users/linh9/Desktop/dc11m_27_3/project_1/project_1.srcs/sources_1/bd/design_1/hdl/design_1_wrapper.vhd
Wrote  : <C:/Users/linh9/Desktop/dc11m_27_3/project_1/project_1.srcs/sources_1/bd/design_1/design_1.bd> 
INFO: [BD 41-1029] Generation completed for the IP Integrator block encoder_0 .
INFO: [BD 41-1029] Generation completed for the IP Integrator block clk_wiz_0 .
INFO: [BD 41-1029] Generation completed for the IP Integrator block ADC_0 .
INFO: [BD 41-1029] Generation completed for the IP Integrator block fix_clk_i_w_0 .
INFO: [BD 41-1029] Generation completed for the IP Integrator block input_ctrl_0 .
INFO: [BD 41-1029] Generation completed for the IP Integrator block xlconstant_0 .
INFO: [BD 41-1029] Generation completed for the IP Integrator block ab2alphabeta_0 .
INFO: [BD 41-1029] Generation completed for the IP Integrator block datalimit_0 .
INFO: [BD 41-1029] Generation completed for the IP Integrator block srcClk_0 .
INFO: [BD 41-1029] Generation completed for the IP Integrator block usample_0 .
INFO: [BD 41-1029] Generation completed for the IP Integrator block usample_1 .
INFO: [BD 41-1029] Generation completed for the IP Integrator block usample_2 .
INFO: [BD 41-1029] Generation completed for the IP Integrator block ila_0 .
INFO: [BD 41-1029] Generation completed for the IP Integrator block SwitchCOntroller_0 .
INFO: [BD 41-1029] Generation completed for the IP Integrator block protect_van_0 .
INFO: [BD 41-1029] Generation completed for the IP Integrator block ila_1 .
INFO: [BD 41-1029] Generation completed for the IP Integrator block datalimit_1 .
INFO: [BD 41-1029] Generation completed for the IP Integrator block Controler_0 .
INFO: [BD 41-1029] Generation completed for the IP Integrator block usample_3 .
INFO: [BD 41-1029] Generation completed for the IP Integrator block usample_4 .
INFO: [BD 41-1029] Generation completed for the IP Integrator block usample_5 .
INFO: [BD 41-1029] Generation completed for the IP Integrator block usample_6 .
INFO: [BD 41-1029] Generation completed for the IP Integrator block usample_7 .
Exporting to file C:/Users/linh9/Desktop/dc11m_27_3/project_1/project_1.srcs/sources_1/bd/design_1/hw_handoff/design_1.hwh
Generated Block Design Tcl file C:/Users/linh9/Desktop/dc11m_27_3/project_1/project_1.srcs/sources_1/bd/design_1/hw_handoff/design_1_bd.tcl
Generated Hardware Definition File C:/Users/linh9/Desktop/dc11m_27_3/project_1/project_1.srcs/sources_1/bd/design_1/hdl/design_1.hwdef
[Sat May 30 16:57:18 2020] Launched design_1_xlconstant_0_0_synth_1...
Run output will be captured here: C:/Users/linh9/Desktop/dc11m_27_3/project_1/project_1.runs/design_1_xlconstant_0_0_synth_1/runme.log
[Sat May 30 16:57:18 2020] Launched synth_1...
Run output will be captured here: C:/Users/linh9/Desktop/dc11m_27_3/project_1/project_1.runs/synth_1/runme.log
launch_runs: Time (s): cpu = 00:00:13 ; elapsed = 00:00:18 . Memory (MB): peak = 1367.691 ; gain = 197.535
launch_runs impl_1 -jobs 2
[Sat May 30 16:59:23 2020] Launched impl_1...
Run output will be captured here: C:/Users/linh9/Desktop/dc11m_27_3/project_1/project_1.runs/impl_1/runme.log
launch_runs impl_1 -to_step write_bitstream -jobs 2
[Sat May 30 17:07:56 2020] Launched impl_1...
Run output will be captured here: C:/Users/linh9/Desktop/dc11m_27_3/project_1/project_1.runs/impl_1/runme.log
set_property PROBES.FILE {C:/Users/linh9/Desktop/dc11m_27_3/project_1/project_1.runs/impl_1/debug_nets.ltx} [lindex [get_hw_devices xc7z020_1] 0]
set_property PROGRAM.FILE {C:/Users/linh9/Desktop/dc11m_27_3/project_1/project_1.runs/impl_1/design_1_wrapper.bit} [lindex [get_hw_devices xc7z020_1] 0]
program_hw_devices [lindex [get_hw_devices xc7z020_1] 0]
INFO: [Labtools 27-3164] End of startup status: HIGH
refresh_hw_device [lindex [get_hw_devices xc7z020_1] 0]
INFO: [Labtools 27-2302] Device xc7z020 (JTAG device index = 1) is programmed with a design that has 2 ILA core(s).
run_hw_ila [get_hw_ilas -of_objects [get_hw_devices xc7z020_1] -filter {CELL_NAME=~"design_1_i/ila_1"}]
INFO: [Labtools 27-1964] The ILA core 'hw_ila_2' trigger was armed at 2020-May-30 17:10:53
wait_on_hw_ila [get_hw_ilas -of_objects [get_hw_devices xc7z020_1] -filter {CELL_NAME=~"design_1_i/ila_1"}]
display_hw_ila_data [upload_hw_ila_data [get_hw_ilas -of_objects [get_hw_devices xc7z020_1] -filter {CELL_NAME=~"design_1_i/ila_1"}]]
INFO: [Labtools 27-1966] The ILA core 'hw_ila_2' triggered at 2020-May-30 17:10:53
INFO: [Labtools 27-3304] ILA Waveform data saved to file C:/Users/linh9/Desktop/dc11m_27_3/project_1/project_1.hw/backup/hw_ila_data_2.ila. Use Tcl command 'import_hw_ila_data' or Vivado File->Import->Import ILA Data menu item to import the previously saved data.
run_hw_ila [get_hw_ilas -of_objects [get_hw_devices xc7z020_1] -filter {CELL_NAME=~"design_1_i/ila_0"}]
INFO: [Labtools 27-1964] The ILA core 'hw_ila_1' trigger was armed at 2020-May-30 17:14:51
wait_on_hw_ila [get_hw_ilas -of_objects [get_hw_devices xc7z020_1] -filter {CELL_NAME=~"design_1_i/ila_0"}]
display_hw_ila_data [upload_hw_ila_data [get_hw_ilas -of_objects [get_hw_devices xc7z020_1] -filter {CELL_NAME=~"design_1_i/ila_0"}]]
INFO: [Labtools 27-1966] The ILA core 'hw_ila_1' triggered at 2020-May-30 17:14:52
INFO: [Labtools 27-3304] ILA Waveform data saved to file C:/Users/linh9/Desktop/dc11m_27_3/project_1/project_1.hw/backup/hw_ila_data_1.ila. Use Tcl command 'import_hw_ila_data' or Vivado File->Import->Import ILA Data menu item to import the previously saved data.
open_bd_design {C:/Users/linh9/Desktop/dc11m_27_3/project_1/project_1.srcs/sources_1/bd/design_1/design_1.bd}
add_wave -into {hw_ila_data_1.wcfg} -radix hex { {design_1_i/usample_1_dout} }
add_wave -into {hw_ila_data_1.wcfg} -radix hex { {design_1_i/Controler_0_Pd_out} }
open_bd_design {C:/Users/linh9/Desktop/dc11m_27_3/project_1/project_1.srcs/sources_1/bd/design_1/design_1.bd}
add_wave -into {hw_ila_data_1.wcfg} -radix hex { {design_1_i/usample_0_dout} }
run_hw_ila [get_hw_ilas -of_objects [get_hw_devices xc7z020_1] -filter {CELL_NAME=~"design_1_i/ila_1"}]
INFO: [Labtools 27-1964] The ILA core 'hw_ila_2' trigger was armed at 2020-May-30 17:26:21
wait_on_hw_ila [get_hw_ilas -of_objects [get_hw_devices xc7z020_1] -filter {CELL_NAME=~"design_1_i/ila_1"}]
display_hw_ila_data [upload_hw_ila_data [get_hw_ilas -of_objects [get_hw_devices xc7z020_1] -filter {CELL_NAME=~"design_1_i/ila_1"}]]
INFO: [Labtools 27-1966] The ILA core 'hw_ila_2' triggered at 2020-May-30 17:26:21
INFO: [Labtools 27-3304] ILA Waveform data saved to file C:/Users/linh9/Desktop/dc11m_27_3/project_1/project_1.hw/backup/hw_ila_data_2.ila. Use Tcl command 'import_hw_ila_data' or Vivado File->Import->Import ILA Data menu item to import the previously saved data.
run_hw_ila [get_hw_ilas -of_objects [get_hw_devices xc7z020_1] -filter {CELL_NAME=~"design_1_i/ila_1"}]
INFO: [Labtools 27-1964] The ILA core 'hw_ila_2' trigger was armed at 2020-May-30 17:26:32
wait_on_hw_ila [get_hw_ilas -of_objects [get_hw_devices xc7z020_1] -filter {CELL_NAME=~"design_1_i/ila_1"}]
display_hw_ila_data [upload_hw_ila_data [get_hw_ilas -of_objects [get_hw_devices xc7z020_1] -filter {CELL_NAME=~"design_1_i/ila_1"}]]
INFO: [Labtools 27-1966] The ILA core 'hw_ila_2' triggered at 2020-May-30 17:26:32
INFO: [Labtools 27-3304] ILA Waveform data saved to file C:/Users/linh9/Desktop/dc11m_27_3/project_1/project_1.hw/backup/hw_ila_data_2.ila. Use Tcl command 'import_hw_ila_data' or Vivado File->Import->Import ILA Data menu item to import the previously saved data.
run_hw_ila [get_hw_ilas -of_objects [get_hw_devices xc7z020_1] -filter {CELL_NAME=~"design_1_i/ila_1"}]
INFO: [Labtools 27-1964] The ILA core 'hw_ila_2' trigger was armed at 2020-May-30 17:26:52
wait_on_hw_ila [get_hw_ilas -of_objects [get_hw_devices xc7z020_1] -filter {CELL_NAME=~"design_1_i/ila_1"}]
display_hw_ila_data [upload_hw_ila_data [get_hw_ilas -of_objects [get_hw_devices xc7z020_1] -filter {CELL_NAME=~"design_1_i/ila_1"}]]
INFO: [Labtools 27-1966] The ILA core 'hw_ila_2' triggered at 2020-May-30 17:26:52
INFO: [Labtools 27-3304] ILA Waveform data saved to file C:/Users/linh9/Desktop/dc11m_27_3/project_1/project_1.hw/backup/hw_ila_data_2.ila. Use Tcl command 'import_hw_ila_data' or Vivado File->Import->Import ILA Data menu item to import the previously saved data.
run_hw_ila [get_hw_ilas -of_objects [get_hw_devices xc7z020_1] -filter {CELL_NAME=~"design_1_i/ila_0"}]
INFO: [Labtools 27-1964] The ILA core 'hw_ila_1' trigger was armed at 2020-May-30 17:28:31
wait_on_hw_ila [get_hw_ilas -of_objects [get_hw_devices xc7z020_1] -filter {CELL_NAME=~"design_1_i/ila_0"}]
display_hw_ila_data [upload_hw_ila_data [get_hw_ilas -of_objects [get_hw_devices xc7z020_1] -filter {CELL_NAME=~"design_1_i/ila_0"}]]
INFO: [Labtools 27-1966] The ILA core 'hw_ila_1' triggered at 2020-May-30 17:28:32
INFO: [Labtools 27-3304] ILA Waveform data saved to file C:/Users/linh9/Desktop/dc11m_27_3/project_1/project_1.hw/backup/hw_ila_data_1.ila. Use Tcl command 'import_hw_ila_data' or Vivado File->Import->Import ILA Data menu item to import the previously saved data.
run_hw_ila [get_hw_ilas -of_objects [get_hw_devices xc7z020_1] -filter {CELL_NAME=~"design_1_i/ila_0"}]
INFO: [Labtools 27-1964] The ILA core 'hw_ila_1' trigger was armed at 2020-May-30 17:30:11
wait_on_hw_ila [get_hw_ilas -of_objects [get_hw_devices xc7z020_1] -filter {CELL_NAME=~"design_1_i/ila_0"}]
display_hw_ila_data [upload_hw_ila_data [get_hw_ilas -of_objects [get_hw_devices xc7z020_1] -filter {CELL_NAME=~"design_1_i/ila_0"}]]
INFO: [Labtools 27-1966] The ILA core 'hw_ila_1' triggered at 2020-May-30 17:30:18
INFO: [Labtools 27-3304] ILA Waveform data saved to file C:/Users/linh9/Desktop/dc11m_27_3/project_1/project_1.hw/backup/hw_ila_data_1.ila. Use Tcl command 'import_hw_ila_data' or Vivado File->Import->Import ILA Data menu item to import the previously saved data.
set_property CAPTURE_COMPARE_VALUE eq1'bX [get_hw_probes design_1_i/fix_clk_i_w_0_sample_i -of_objects [get_hw_ilas -of_objects [get_hw_devices xc7z020_1] -filter {CELL_NAME=~"design_1_i/ila_0"}]]
ERROR: [Labtools 27-2269] No devices detected on target localhost:3121/xilinx_tcf/Digilent/210351A78277A.
Check cable connectivity and that the target board is powered up then
use the disconnect_hw_server and connect_hw_server to re-register this hardware target.
ERROR: [Labtoolstcl 44-513] HW Target shutdown. Closing target: localhost:3121/xilinx_tcf/Digilent/210351A78277A
exit
INFO: [Common 17-206] Exiting Vivado at Sat May 30 18:28:59 2020...
