#-----------------------------------------------------------
# Vivado v2016.4 (64-bit)
# SW Build 1756540 on Mon Jan 23 19:11:23 MST 2017
# IP Build 1755317 on Mon Jan 23 20:30:07 MST 2017
# Start of session at: Mon Jul 13 21:32:04 2020
# Process ID: 2460
# Current directory: C:/Users/linh9/Desktop/dc11m_27_3/project_1
# Command line: vivado.exe -gui_launcher_event rodinguilauncherevent7032 C:\Users\linh9\Desktop\dc11m_27_3\project_1\project_1.xpr
# Log file: C:/Users/linh9/Desktop/dc11m_27_3/project_1/vivado.log
# Journal file: C:/Users/linh9/Desktop/dc11m_27_3/project_1\vivado.jou
#-----------------------------------------------------------
start_gui
open_project C:/Users/linh9/Desktop/dc11m_27_3/project_1/project_1.xpr
Scanning sources...
Finished scanning sources
INFO: [IP_Flow 19-234] Refreshing IP repositories
INFO: [IP_Flow 19-1704] No user IP repositories specified
INFO: [IP_Flow 19-2313] Loaded Vivado IP repository 'C:/Xilinx/Vivado/2016.4/data/ip'.
open_project: Time (s): cpu = 00:00:32 ; elapsed = 00:00:26 . Memory (MB): peak = 874.469 ; gain = 232.875
exit
INFO: [Common 17-206] Exiting Vivado at Mon Jul 13 22:04:43 2020...
