#-----------------------------------------------------------
# Vivado v2016.4 (64-bit)
# SW Build 1756540 on Mon Jan 23 19:11:23 MST 2017
# IP Build 1755317 on Mon Jan 23 20:30:07 MST 2017
# Start of session at: Thu Jul 23 22:02:13 2020
# Process ID: 6780
# Current directory: C:/Users/linh9/Desktop/FPGA_dc_11m/dc11m_27_3/project_1
# Command line: vivado.exe -gui_launcher_event rodinguilauncherevent9680 C:\Users\linh9\Desktop\FPGA_dc_11m\dc11m_27_3\project_1\project_1.xpr
# Log file: C:/Users/linh9/Desktop/FPGA_dc_11m/dc11m_27_3/project_1/vivado.log
# Journal file: C:/Users/linh9/Desktop/FPGA_dc_11m/dc11m_27_3/project_1\vivado.jou
#-----------------------------------------------------------
start_gui
open_project C:/Users/linh9/Desktop/FPGA_dc_11m/dc11m_27_3/project_1/project_1.xpr
INFO: [Project 1-313] Project file moved from 'C:/Users/linh9/Desktop/dc11m_27_3/project_1' since last save.
WARNING: [Project 1-312] File not found as 'C:/Users/linh9/Desktop/FPGA_dc_11m/switch/StateLevel11.vhd'; using path 'C:/Users/linh9/Desktop/switch/StateLevel11.vhd' instead.
WARNING: [Project 1-312] File not found as 'C:/Users/linh9/Desktop/FPGA_dc_11m/switch/GateState.vhd'; using path 'C:/Users/linh9/Desktop/switch/GateState.vhd' instead.
WARNING: [Project 1-312] File not found as 'C:/Users/linh9/Desktop/FPGA_dc_11m/switch/SwitchController.vhd'; using path 'C:/Users/linh9/Desktop/switch/SwitchController.vhd' instead.
Scanning sources...
Finished scanning sources
WARNING: [Project 1-312] File not found as 'C:/Users/linh9/Desktop/FPGA_dc_11m/switch/StateLevel11.vhd'; using path 'C:/Users/linh9/Desktop/switch/StateLevel11.vhd' instead.
WARNING: [Project 1-312] File not found as 'C:/Users/linh9/Desktop/FPGA_dc_11m/switch/GateState.vhd'; using path 'C:/Users/linh9/Desktop/switch/GateState.vhd' instead.
WARNING: [Project 1-312] File not found as 'C:/Users/linh9/Desktop/FPGA_dc_11m/switch/SwitchController.vhd'; using path 'C:/Users/linh9/Desktop/switch/SwitchController.vhd' instead.
WARNING: [Project 1-312] File not found as 'C:/Users/linh9/Desktop/FPGA_dc_11m/switch/StateLevel11.vhd'; using path 'C:/Users/linh9/Desktop/switch/StateLevel11.vhd' instead.
WARNING: [Project 1-312] File not found as 'C:/Users/linh9/Desktop/FPGA_dc_11m/switch/GateState.vhd'; using path 'C:/Users/linh9/Desktop/switch/GateState.vhd' instead.
WARNING: [Project 1-312] File not found as 'C:/Users/linh9/Desktop/FPGA_dc_11m/switch/SwitchController.vhd'; using path 'C:/Users/linh9/Desktop/switch/SwitchController.vhd' instead.
INFO: [IP_Flow 19-234] Refreshing IP repositories
INFO: [IP_Flow 19-1704] No user IP repositories specified
INFO: [IP_Flow 19-2313] Loaded Vivado IP repository 'C:/Xilinx/Vivado/2016.4/data/ip'.
open_project: Time (s): cpu = 00:00:23 ; elapsed = 00:00:17 . Memory (MB): peak = 846.395 ; gain = 208.867
exit
INFO: [Common 17-206] Exiting Vivado at Thu Jul 23 22:03:01 2020...
